1687592966479	geckodriver	INFO	Listening on 127.0.0.1:50466
1687592969562	mozrunner::runner	INFO	Running command: "C:\\Program Files\\Mozilla Firefox\\firefox.exe" "--marionette" "-headless" "--width=1000" "--height=12000" ... 67" "--remote-allow-hosts" "localhost" "-no-remote" "-profile" "C:\\Users\\ASUS\\AppData\\Local\\Temp\\rust_mozprofileSC9wXM"
*** You are running in headless mode.
console.warn: services.settings: Ignoring preference override of remote settings server
console.warn: services.settings: Allow by setting MOZ_REMOTE_SETTINGS_DEVTOOLS=1 in the environment
1687592969996	Marionette	INFO	Marionette enabled
Dynamically enable window occlusion 0
1687592970002	Marionette	INFO	Listening on port 50477
Read port: 50477
console.error: "Warning: unrecognized command line flag -width\n"
console.error: "Warning: unrecognized command line flag -height\n"
WebDriver BiDi listening on ws://127.0.0.1:50467
1687592970093	RemoteAgent	WARN	TLS certificate errors will be ignored for this session
[GFX1-]: RenderCompositorSWGL failed mapping default framebuffer, no dt
console.error: ({})
DevTools listening on ws://127.0.0.1:50467/devtools/browser/19e82f6d-9697-497a-bc48-d9977b822858
console.warn: LoginRecipes: "Falling back to a synchronous message for: https://www.cbsl.lk."
JavaScript error: https://www.cbsl.lk/eResearch/Modules/RD/SearchPages/SelectItems.aspx?R=m7qTyXMT8/8=, line 683: TypeError: parent.document.getElementById(...) is null
console.warn: LoginRecipes: "Falling back to a synchronous message for: https://www.cbsl.lk."
JavaScript error: https://www.cbsl.lk/eResearch/Modules/RD/SearchPages/Search_Result.aspx?R=m7qTyXMT8/8=, line 579: TypeError: $(...).ratemate is not a function
JavaScript error: https://www.cbsl.lk/eResearch/ScriptResource.axd?d=gEkmzXYB_EljSEEgKzx_1vMFw8LeAQQCDjbRAz8ci9wMCjrAxqZT4209DLvFXNu9kHJdZM7nnRPz6ca2X86YwVtTEntBB357Tp2byHRZ89V2wSGCV8XNTTdH8UfgeKUa_RotMCcXJFls3aU7FnryeA2&t=ffffffffafdfa956:4863, line 22: Sys.ArgumentNullException: Sys.ArgumentNullException: Value cannot be null.
Parameter name: elements
1687595258418	geckodriver	INFO	Listening on 127.0.0.1:50891
1687595261478	mozrunner::runner	INFO	Running command: "C:\\Program Files\\Mozilla Firefox\\firefox.exe" "--marionette" "-headless" "--width=1000" "--height=12000" ... 92" "--remote-allow-hosts" "localhost" "-no-remote" "-profile" "C:\\Users\\ASUS\\AppData\\Local\\Temp\\rust_mozprofileMFW0hx"
*** You are running in headless mode.
console.warn: services.settings: Ignoring preference override of remote settings server
console.warn: services.settings: Allow by setting MOZ_REMOTE_SETTINGS_DEVTOOLS=1 in the environment
1687595261793	Marionette	INFO	Marionette enabled
Dynamically enable window occlusion 0
1687595261798	Marionette	INFO	Listening on port 50901
Read port: 50901
console.error: "Warning: unrecognized command line flag -width\n"
console.error: "Warning: unrecognized command line flag -height\n"
WebDriver BiDi listening on ws://127.0.0.1:50892
1687595261892	RemoteAgent	WARN	TLS certificate errors will be ignored for this session
[GFX1-]: RenderCompositorSWGL failed mapping default framebuffer, no dt
console.error: ({})
DevTools listening on ws://127.0.0.1:50892/devtools/browser/acc74fa2-28ba-4c8c-8e41-c86395f00ca3
console.warn: LoginRecipes: "Falling back to a synchronous message for: https://www.cbsl.lk."
1687595310817	geckodriver	INFO	Listening on 127.0.0.1:50960
1687595313887	mozrunner::runner	INFO	Running command: "C:\\Program Files\\Mozilla Firefox\\firefox.exe" "--marionette" "-headless" "--width=1000" "--height=12000" ... 61" "--remote-allow-hosts" "localhost" "-no-remote" "-profile" "C:\\Users\\ASUS\\AppData\\Local\\Temp\\rust_mozprofileVso6vw"
*** You are running in headless mode.
console.warn: services.settings: Ignoring preference override of remote settings server
console.warn: services.settings: Allow by setting MOZ_REMOTE_SETTINGS_DEVTOOLS=1 in the environment
1687595314212	Marionette	INFO	Marionette enabled
Dynamically enable window occlusion 0
1687595314217	Marionette	INFO	Listening on port 50970
Read port: 50970
console.error: "Warning: unrecognized command line flag -width\n"
console.error: "Warning: unrecognized command line flag -height\n"
WebDriver BiDi listening on ws://127.0.0.1:50961
1687595314315	RemoteAgent	WARN	TLS certificate errors will be ignored for this session
[GFX1-]: RenderCompositorSWGL failed mapping default framebuffer, no dt
console.error: ({})
DevTools listening on ws://127.0.0.1:50961/devtools/browser/289f69c9-fdef-4db2-b73b-da4f46ffae4f
console.warn: LoginRecipes: "Falling back to a synchronous message for: https://www.cbsl.lk."
JavaScript error: https://www.cbsl.lk/eResearch/Modules/RD/SearchPages/SelectItems.aspx?R=T6D9fo66rcE=, line 683: TypeError: parent.document.getElementById(...) is null
console.warn: LoginRecipes: "Falling back to a synchronous message for: https://www.cbsl.lk."
JavaScript error: https://www.cbsl.lk/eResearch/Modules/RD/SearchPages/Search_Result.aspx?R=T6D9fo66rcE=, line 579: TypeError: $(...).ratemate is not a function
JavaScript error: https://www.cbsl.lk/eResearch/ScriptResource.axd?d=gEkmzXYB_EljSEEgKzx_1vMFw8LeAQQCDjbRAz8ci9wMCjrAxqZT4209DLvFXNu9kHJdZM7nnRPz6ca2X86YwVtTEntBB357Tp2byHRZ89V2wSGCV8XNTTdH8UfgeKUa_RotMCcXJFls3aU7FnryeA2&t=ffffffffafdfa956:4863, line 22: Sys.ArgumentNullException: Sys.ArgumentNullException: Value cannot be null.
Parameter name: elements
1687595331002	Marionette	INFO	Stopped listening on port 50970
Dynamically enable window occlusion 1
1687595698517	geckodriver	INFO	Listening on 127.0.0.1:51235
1687595701611	mozrunner::runner	INFO	Running command: "C:\\Program Files\\Mozilla Firefox\\firefox.exe" "--marionette" "-headless" "--width=1000" "--height=12000" ... 36" "--remote-allow-hosts" "localhost" "-no-remote" "-profile" "C:\\Users\\ASUS\\AppData\\Local\\Temp\\rust_mozprofile1aIukj"
*** You are running in headless mode.
console.warn: services.settings: Ignoring preference override of remote settings server
console.warn: services.settings: Allow by setting MOZ_REMOTE_SETTINGS_DEVTOOLS=1 in the environment
1687595701944	Marionette	INFO	Marionette enabled
Dynamically enable window occlusion 0
1687595701949	Marionette	INFO	Listening on port 51245
Read port: 51245
console.error: "Warning: unrecognized command line flag -width\n"
console.error: "Warning: unrecognized command line flag -height\n"
WebDriver BiDi listening on ws://127.0.0.1:51236
1687595702042	RemoteAgent	WARN	TLS certificate errors will be ignored for this session
[GFX1-]: RenderCompositorSWGL failed mapping default framebuffer, no dt
console.error: ({})
DevTools listening on ws://127.0.0.1:51236/devtools/browser/4b4f6b89-09ea-48e8-9c84-806618ee7a26
console.warn: LoginRecipes: "Falling back to a synchronous message for: https://www.cbsl.lk."
JavaScript error: https://www.cbsl.lk/eResearch/Modules/RD/SearchPages/SelectItems.aspx?R=ni1pJcLk1qw=, line 683: TypeError: parent.document.getElementById(...) is null
console.warn: LoginRecipes: "Falling back to a synchronous message for: https://www.cbsl.lk."
JavaScript error: https://www.cbsl.lk/eResearch/Modules/RD/SearchPages/Search_Result.aspx?R=ni1pJcLk1qw=, line 579: TypeError: $(...).ratemate is not a function
JavaScript error: https://www.cbsl.lk/eResearch/ScriptResource.axd?d=gEkmzXYB_EljSEEgKzx_1vMFw8LeAQQCDjbRAz8ci9wMCjrAxqZT4209DLvFXNu9kHJdZM7nnRPz6ca2X86YwVtTEntBB357Tp2byHRZ89V2wSGCV8XNTTdH8UfgeKUa_RotMCcXJFls3aU7FnryeA2&t=ffffffffafdfa956:4863, line 22: Sys.ArgumentNullException: Sys.ArgumentNullException: Value cannot be null.
Parameter name: elements
1687595718693	Marionette	INFO	Stopped listening on port 51245
Dynamically enable window occlusion 1
1687597270818	geckodriver	INFO	Listening on 127.0.0.1:51956
1687597273889	mozrunner::runner	INFO	Running command: "C:\\Program Files\\Mozilla Firefox\\firefox.exe" "--marionette" "-headless" "--width=1000" "--height=12000" ... 57" "--remote-allow-hosts" "localhost" "-no-remote" "-profile" "C:\\Users\\ASUS\\AppData\\Local\\Temp\\rust_mozprofile7fuJEa"
*** You are running in headless mode.
console.warn: services.settings: Ignoring preference override of remote settings server
console.warn: services.settings: Allow by setting MOZ_REMOTE_SETTINGS_DEVTOOLS=1 in the environment
1687597274214	Marionette	INFO	Marionette enabled
Dynamically enable window occlusion 0
1687597274219	Marionette	INFO	Listening on port 51966
Read port: 51966
console.error: "Warning: unrecognized command line flag -width\n"
console.error: "Warning: unrecognized command line flag -height\n"
WebDriver BiDi listening on ws://127.0.0.1:51957
1687597274316	RemoteAgent	WARN	TLS certificate errors will be ignored for this session
[GFX1-]: RenderCompositorSWGL failed mapping default framebuffer, no dt
console.error: ({})
DevTools listening on ws://127.0.0.1:51957/devtools/browser/67536ddb-086f-4234-87b3-56e9b8d87542
console.warn: LoginRecipes: "Falling back to a synchronous message for: https://www.cbsl.lk."
JavaScript error: https://www.cbsl.lk/eResearch/Modules/RD/SearchPages/SelectItems.aspx?R=iohI3uLTBFM=, line 683: TypeError: parent.document.getElementById(...) is null
console.warn: LoginRecipes: "Falling back to a synchronous message for: https://www.cbsl.lk."
JavaScript error: https://www.cbsl.lk/eResearch/Modules/RD/SearchPages/Search_Result.aspx?R=iohI3uLTBFM=, line 579: TypeError: $(...).ratemate is not a function
JavaScript error: https://www.cbsl.lk/eResearch/ScriptResource.axd?d=gEkmzXYB_EljSEEgKzx_1vMFw8LeAQQCDjbRAz8ci9wMCjrAxqZT4209DLvFXNu9kHJdZM7nnRPz6ca2X86YwVtTEntBB357Tp2byHRZ89V2wSGCV8XNTTdH8UfgeKUa_RotMCcXJFls3aU7FnryeA2&t=ffffffffafdfa956:4863, line 22: Sys.ArgumentNullException: Sys.ArgumentNullException: Value cannot be null.
Parameter name: elements
1687597290671	Marionette	INFO	Stopped listening on port 51966
Dynamically enable window occlusion 1
1687597584061	geckodriver	INFO	Listening on 127.0.0.1:52162
1687597587135	mozrunner::runner	INFO	Running command: "C:\\Program Files\\Mozilla Firefox\\firefox.exe" "--marionette" "-headless" "--width=1000" "--height=12000" ... 63" "--remote-allow-hosts" "localhost" "-no-remote" "-profile" "C:\\Users\\ASUS\\AppData\\Local\\Temp\\rust_mozprofileqLyrGA"
*** You are running in headless mode.
console.warn: services.settings: Ignoring preference override of remote settings server
console.warn: services.settings: Allow by setting MOZ_REMOTE_SETTINGS_DEVTOOLS=1 in the environment
1687597587449	Marionette	INFO	Marionette enabled
Dynamically enable window occlusion 0
1687597587455	Marionette	INFO	Listening on port 52172
Read port: 52172
console.error: "Warning: unrecognized command line flag -width\n"
console.error: "Warning: unrecognized command line flag -height\n"
WebDriver BiDi listening on ws://127.0.0.1:52163
1687597587556	RemoteAgent	WARN	TLS certificate errors will be ignored for this session
[GFX1-]: RenderCompositorSWGL failed mapping default framebuffer, no dt
console.error: ({})
DevTools listening on ws://127.0.0.1:52163/devtools/browser/ba1bf8b8-5eaf-4f97-a398-d17d4dd6d96b
console.warn: LoginRecipes: "Falling back to a synchronous message for: https://www.cbsl.lk."
1687597663571	geckodriver	INFO	Listening on 127.0.0.1:52303
1687597666663	mozrunner::runner	INFO	Running command: "C:\\Program Files\\Mozilla Firefox\\firefox.exe" "--marionette" "-headless" "--width=1000" "--height=12000" ... 04" "--remote-allow-hosts" "localhost" "-no-remote" "-profile" "C:\\Users\\ASUS\\AppData\\Local\\Temp\\rust_mozprofileJLbNn3"
*** You are running in headless mode.
console.warn: services.settings: Ignoring preference override of remote settings server
console.warn: services.settings: Allow by setting MOZ_REMOTE_SETTINGS_DEVTOOLS=1 in the environment
1687597666975	Marionette	INFO	Marionette enabled
Dynamically enable window occlusion 0
1687597666980	Marionette	INFO	Listening on port 52313
Read port: 52313
console.error: "Warning: unrecognized command line flag -width\n"
console.error: "Warning: unrecognized command line flag -height\n"
WebDriver BiDi listening on ws://127.0.0.1:52304
1687597667071	RemoteAgent	WARN	TLS certificate errors will be ignored for this session
[GFX1-]: RenderCompositorSWGL failed mapping default framebuffer, no dt
console.error: ({})
DevTools listening on ws://127.0.0.1:52304/devtools/browser/0dd0756d-f9a8-42ed-b01c-5d01e35f69d1
console.warn: LoginRecipes: "Falling back to a synchronous message for: https://www.cbsl.lk."
JavaScript error: https://www.cbsl.lk/eResearch/Modules/RD/SearchPages/SelectItems.aspx?R=5WYCEFpAN5Y=, line 683: TypeError: parent.document.getElementById(...) is null
console.warn: LoginRecipes: "Falling back to a synchronous message for: https://www.cbsl.lk."
JavaScript error: https://www.cbsl.lk/eResearch/Modules/RD/SearchPages/Search_Result.aspx?R=5WYCEFpAN5Y=, line 579: TypeError: $(...).ratemate is not a function
JavaScript error: https://www.cbsl.lk/eResearch/ScriptResource.axd?d=gEkmzXYB_EljSEEgKzx_1vMFw8LeAQQCDjbRAz8ci9wMCjrAxqZT4209DLvFXNu9kHJdZM7nnRPz6ca2X86YwVtTEntBB357Tp2byHRZ89V2wSGCV8XNTTdH8UfgeKUa_RotMCcXJFls3aU7FnryeA2&t=ffffffffafdfa956:4863, line 22: Sys.ArgumentNullException: Sys.ArgumentNullException: Value cannot be null.
Parameter name: elements
1687597686044	Marionette	INFO	Stopped listening on port 52313
Dynamically enable window occlusion 1
1687598042143	geckodriver	INFO	Listening on 127.0.0.1:52638
1687598045212	mozrunner::runner	INFO	Running command: "C:\\Program Files\\Mozilla Firefox\\firefox.exe" "--marionette" "-headless" "--width=1000" "--height=12000" ... 39" "--remote-allow-hosts" "localhost" "-no-remote" "-profile" "C:\\Users\\ASUS\\AppData\\Local\\Temp\\rust_mozprofile6xPVLC"
*** You are running in headless mode.
console.warn: services.settings: Ignoring preference override of remote settings server
console.warn: services.settings: Allow by setting MOZ_REMOTE_SETTINGS_DEVTOOLS=1 in the environment
1687598045514	Marionette	INFO	Marionette enabled
Dynamically enable window occlusion 0
1687598045520	Marionette	INFO	Listening on port 52647
console.error: "Warning: unrecognized command line flag -width\n"
console.error: "Warning: unrecognized command line flag -height\n"
Read port: 52647
WebDriver BiDi listening on ws://127.0.0.1:52639
1687598045612	RemoteAgent	WARN	TLS certificate errors will be ignored for this session
[GFX1-]: RenderCompositorSWGL failed mapping default framebuffer, no dt
console.error: ({})
DevTools listening on ws://127.0.0.1:52639/devtools/browser/3f2668a7-8c15-4853-ba41-3d27fe10661c
console.warn: LoginRecipes: "Falling back to a synchronous message for: https://www.cbsl.lk."
1687598081305	geckodriver	INFO	Listening on 127.0.0.1:52679
1687598084398	mozrunner::runner	INFO	Running command: "C:\\Program Files\\Mozilla Firefox\\firefox.exe" "--marionette" "-headless" "--width=1000" "--height=12000" ... 80" "--remote-allow-hosts" "localhost" "-no-remote" "-profile" "C:\\Users\\ASUS\\AppData\\Local\\Temp\\rust_mozprofileOmlsCa"
*** You are running in headless mode.
console.warn: services.settings: Ignoring preference override of remote settings server
console.warn: services.settings: Allow by setting MOZ_REMOTE_SETTINGS_DEVTOOLS=1 in the environment
1687598084698	Marionette	INFO	Marionette enabled
Dynamically enable window occlusion 0
1687598084703	Marionette	INFO	Listening on port 52691
console.error: "Warning: unrecognized command line flag -width\n"
console.error: "Warning: unrecognized command line flag -height\n"
Read port: 52691
WebDriver BiDi listening on ws://127.0.0.1:52680
1687598084793	RemoteAgent	WARN	TLS certificate errors will be ignored for this session
[GFX1-]: RenderCompositorSWGL failed mapping default framebuffer, no dt
console.error: ({})
DevTools listening on ws://127.0.0.1:52680/devtools/browser/d818904a-b973-4b9a-9068-1e08996f3b80
console.warn: LoginRecipes: "Falling back to a synchronous message for: https://www.cbsl.lk."
JavaScript error: https://www.cbsl.lk/eResearch/Modules/RD/SearchPages/SelectItems.aspx?R=pz1PVW4X1Mk=, line 683: TypeError: parent.document.getElementById(...) is null
console.warn: LoginRecipes: "Falling back to a synchronous message for: https://www.cbsl.lk."
JavaScript error: https://www.cbsl.lk/eResearch/Modules/RD/SearchPages/Search_Result.aspx?R=pz1PVW4X1Mk=, line 579: TypeError: $(...).ratemate is not a function
JavaScript error: https://www.cbsl.lk/eResearch/ScriptResource.axd?d=gEkmzXYB_EljSEEgKzx_1vMFw8LeAQQCDjbRAz8ci9wMCjrAxqZT4209DLvFXNu9kHJdZM7nnRPz6ca2X86YwVtTEntBB357Tp2byHRZ89V2wSGCV8XNTTdH8UfgeKUa_RotMCcXJFls3aU7FnryeA2&t=ffffffffafdfa956:4863, line 22: Sys.ArgumentNullException: Sys.ArgumentNullException: Value cannot be null.
Parameter name: elements
1687598193316	geckodriver	INFO	Listening on 127.0.0.1:52792
1687598196381	mozrunner::runner	INFO	Running command: "C:\\Program Files\\Mozilla Firefox\\firefox.exe" "--marionette" "-headless" "--width=1000" "--height=12000" ... 93" "--remote-allow-hosts" "localhost" "-no-remote" "-profile" "C:\\Users\\ASUS\\AppData\\Local\\Temp\\rust_mozprofileqkKvm4"
*** You are running in headless mode.
console.warn: services.settings: Ignoring preference override of remote settings server
console.warn: services.settings: Allow by setting MOZ_REMOTE_SETTINGS_DEVTOOLS=1 in the environment
1687598196742	Marionette	INFO	Marionette enabled
Dynamically enable window occlusion 0
1687598196748	Marionette	INFO	Listening on port 52813
console.error: "Warning: unrecognized command line flag -width\n"
console.error: "Warning: unrecognized command line flag -height\n"
WebDriver BiDi listening on ws://127.0.0.1:52793
Read port: 52813
1687598196945	RemoteAgent	WARN	TLS certificate errors will be ignored for this session
[GFX1-]: RenderCompositorSWGL failed mapping default framebuffer, no dt
console.error: ({})
DevTools listening on ws://127.0.0.1:52793/devtools/browser/bbf74598-2b81-4516-8e69-7df92101c7c6
console.warn: LoginRecipes: "Falling back to a synchronous message for: https://www.cbsl.lk."
JavaScript error: https://www.cbsl.lk/eResearch/Modules/RD/SearchPages/SelectItems.aspx?R=jWQ2fhQtS8U=, line 683: TypeError: parent.document.getElementById(...) is null
console.warn: LoginRecipes: "Falling back to a synchronous message for: https://www.cbsl.lk."
JavaScript error: https://www.cbsl.lk/eResearch/Modules/RD/SearchPages/Search_Result.aspx?R=jWQ2fhQtS8U=, line 579: TypeError: $(...).ratemate is not a function
JavaScript error: https://www.cbsl.lk/eResearch/ScriptResource.axd?d=gEkmzXYB_EljSEEgKzx_1vMFw8LeAQQCDjbRAz8ci9wMCjrAxqZT4209DLvFXNu9kHJdZM7nnRPz6ca2X86YwVtTEntBB357Tp2byHRZ89V2wSGCV8XNTTdH8UfgeKUa_RotMCcXJFls3aU7FnryeA2&t=ffffffffafdfa956:4863, line 22: Sys.ArgumentNullException: Sys.ArgumentNullException: Value cannot be null.
Parameter name: elements
1687598219694	Marionette	INFO	Stopped listening on port 52813
Dynamically enable window occlusion 1
1687598223524	geckodriver	INFO	Listening on 127.0.0.1:52862
1687598226587	mozrunner::runner	INFO	Running command: "C:\\Program Files\\Mozilla Firefox\\firefox.exe" "--marionette" "-headless" "--width=1000" "--height=12000" ... 63" "--remote-allow-hosts" "localhost" "-no-remote" "-profile" "C:\\Users\\ASUS\\AppData\\Local\\Temp\\rust_mozprofileqCS2X8"
*** You are running in headless mode.
console.warn: services.settings: Ignoring preference override of remote settings server
console.warn: services.settings: Allow by setting MOZ_REMOTE_SETTINGS_DEVTOOLS=1 in the environment
1687598226942	Marionette	INFO	Marionette enabled
Dynamically enable window occlusion 0
1687598226947	Marionette	INFO	Listening on port 52871
console.error: "Warning: unrecognized command line flag -width\n"
console.error: "Warning: unrecognized command line flag -height\n"
WebDriver BiDi listening on ws://127.0.0.1:52863
Read port: 52871
1687598227143	RemoteAgent	WARN	TLS certificate errors will be ignored for this session
[GFX1-]: RenderCompositorSWGL failed mapping default framebuffer, no dt
console.error: ({})
DevTools listening on ws://127.0.0.1:52863/devtools/browser/70481c73-0cb8-44dc-abe0-e9cf914cf662
console.warn: LoginRecipes: "Falling back to a synchronous message for: https://www.cbsl.lk."
JavaScript error: https://www.cbsl.lk/eResearch/Modules/RD/SearchPages/SelectItems.aspx?R=3U1O/10yXfQ=, line 683: TypeError: parent.document.getElementById(...) is null
1687598307138	Marionette	WARN	TimedPromise timed out after 500 ms: stacktrace:
TimedPromise/<@chrome://remote/content/marionette/sync.sys.mjs:221:24
TimedPromise@chrome://remote/content/marionette/sync.sys.mjs:205:10
interaction.flushEventLoop@chrome://remote/content/marionette/interaction.sys.mjs:424:10
webdriverClickElement@chrome://remote/content/marionette/interaction.sys.mjs:173:31
console.warn: LoginRecipes: "Falling back to a synchronous message for: https://www.cbsl.lk."
JavaScript error: https://www.cbsl.lk/eResearch/Modules/RD/SearchPages/Search_Result.aspx?R=3U1O/10yXfQ=, line 579: TypeError: $(...).ratemate is not a function
JavaScript error: https://www.cbsl.lk/eResearch/ScriptResource.axd?d=gEkmzXYB_EljSEEgKzx_1vMFw8LeAQQCDjbRAz8ci9wMCjrAxqZT4209DLvFXNu9kHJdZM7nnRPz6ca2X86YwVtTEntBB357Tp2byHRZ89V2wSGCV8XNTTdH8UfgeKUa_RotMCcXJFls3aU7FnryeA2&t=ffffffffafdfa956:4863, line 22: Sys.ArgumentNullException: Sys.ArgumentNullException: Value cannot be null.
Parameter name: elements
1687599038495	geckodriver	INFO	Listening on 127.0.0.1:53341
1687599041579	mozrunner::runner	INFO	Running command: "C:\\Program Files\\Mozilla Firefox\\firefox.exe" "--marionette" "-headless" "--width=1000" "--height=12000" ... 42" "--remote-allow-hosts" "localhost" "-no-remote" "-profile" "C:\\Users\\ASUS\\AppData\\Local\\Temp\\rust_mozprofileSFJz5A"
*** You are running in headless mode.
console.warn: services.settings: Ignoring preference override of remote settings server
console.warn: services.settings: Allow by setting MOZ_REMOTE_SETTINGS_DEVTOOLS=1 in the environment
1687599041887	Marionette	INFO	Marionette enabled
Dynamically enable window occlusion 0
1687599041892	Marionette	INFO	Listening on port 53350
console.error: "Warning: unrecognized command line flag -width\n"
console.error: "Warning: unrecognized command line flag -height\n"
Read port: 53350
WebDriver BiDi listening on ws://127.0.0.1:53342
1687599041984	RemoteAgent	WARN	TLS certificate errors will be ignored for this session
[GFX1-]: RenderCompositorSWGL failed mapping default framebuffer, no dt
console.error: ({})
DevTools listening on ws://127.0.0.1:53342/devtools/browser/53c99437-0b87-474b-924c-56e1e8b50526
console.warn: LoginRecipes: "Falling back to a synchronous message for: https://www.cbsl.lk."
JavaScript error: https://www.cbsl.lk/eResearch/Modules/RD/SearchPages/SelectItems.aspx?R=i2HfWga0IDw=, line 683: TypeError: parent.document.getElementById(...) is null
console.warn: LoginRecipes: "Falling back to a synchronous message for: https://www.cbsl.lk."
JavaScript error: https://www.cbsl.lk/eResearch/Modules/RD/SearchPages/Search_Result.aspx?R=i2HfWga0IDw=, line 579: TypeError: $(...).ratemate is not a function
JavaScript error: https://www.cbsl.lk/eResearch/ScriptResource.axd?d=gEkmzXYB_EljSEEgKzx_1vMFw8LeAQQCDjbRAz8ci9wMCjrAxqZT4209DLvFXNu9kHJdZM7nnRPz6ca2X86YwVtTEntBB357Tp2byHRZ89V2wSGCV8XNTTdH8UfgeKUa_RotMCcXJFls3aU7FnryeA2&t=ffffffffafdfa956:4863, line 22: Sys.ArgumentNullException: Sys.ArgumentNullException: Value cannot be null.
Parameter name: elements
1687599067571	Marionette	INFO	Stopped listening on port 53350
Dynamically enable window occlusion 1
1687599071576	geckodriver	INFO	Listening on 127.0.0.1:53381
1687599348999	geckodriver	INFO	Listening on 127.0.0.1:53509
1687599352077	mozrunner::runner	INFO	Running command: "C:\\Program Files\\Mozilla Firefox\\firefox.exe" "--marionette" "-headless" "--width=1000" "--height=12000" ... 10" "--remote-allow-hosts" "localhost" "-no-remote" "-profile" "C:\\Users\\ASUS\\AppData\\Local\\Temp\\rust_mozprofileHHXZUV"
*** You are running in headless mode.
console.warn: services.settings: Ignoring preference override of remote settings server
console.warn: services.settings: Allow by setting MOZ_REMOTE_SETTINGS_DEVTOOLS=1 in the environment
1687599352382	Marionette	INFO	Marionette enabled
Dynamically enable window occlusion 0
1687599352387	Marionette	INFO	Listening on port 53518
console.error: "Warning: unrecognized command line flag -width\n"
console.error: "Warning: unrecognized command line flag -height\n"
Read port: 53518
WebDriver BiDi listening on ws://127.0.0.1:53510
1687599352481	RemoteAgent	WARN	TLS certificate errors will be ignored for this session
[GFX1-]: RenderCompositorSWGL failed mapping default framebuffer, no dt
console.error: ({})
DevTools listening on ws://127.0.0.1:53510/devtools/browser/65c7f1a0-3c54-4b53-b084-fdb72def6203
console.warn: LoginRecipes: "Falling back to a synchronous message for: https://www.cbsl.lk."
JavaScript error: https://www.cbsl.lk/eResearch/Modules/RD/SearchPages/SelectItems.aspx?R=oIRw9WTpQ0s=, line 683: TypeError: parent.document.getElementById(...) is null
console.warn: LoginRecipes: "Falling back to a synchronous message for: https://www.cbsl.lk."
JavaScript error: https://www.cbsl.lk/eResearch/Modules/RD/SearchPages/Search_Result.aspx?R=oIRw9WTpQ0s=, line 579: TypeError: $(...).ratemate is not a function
JavaScript error: https://www.cbsl.lk/eResearch/ScriptResource.axd?d=gEkmzXYB_EljSEEgKzx_1vMFw8LeAQQCDjbRAz8ci9wMCjrAxqZT4209DLvFXNu9kHJdZM7nnRPz6ca2X86YwVtTEntBB357Tp2byHRZ89V2wSGCV8XNTTdH8UfgeKUa_RotMCcXJFls3aU7FnryeA2&t=ffffffffafdfa956:4863, line 22: Sys.ArgumentNullException: Sys.ArgumentNullException: Value cannot be null.
Parameter name: elements
1687599377688	Marionette	INFO	Stopped listening on port 53518
Dynamically enable window occlusion 1
1687599381720	geckodriver	INFO	Listening on 127.0.0.1:53558
1687600098760	geckodriver	INFO	Listening on 127.0.0.1:53974
1687600101800	mozrunner::runner	INFO	Running command: "C:\\Program Files\\Mozilla Firefox\\firefox.exe" "--marionette" "-headless" "--width=1000" "--height=12000" ... 75" "--remote-allow-hosts" "localhost" "-no-remote" "-profile" "C:\\Users\\ASUS\\AppData\\Local\\Temp\\rust_mozprofileLB5w37"
*** You are running in headless mode.
console.warn: services.settings: Ignoring preference override of remote settings server
console.warn: services.settings: Allow by setting MOZ_REMOTE_SETTINGS_DEVTOOLS=1 in the environment
1687600102143	Marionette	INFO	Marionette enabled
Dynamically enable window occlusion 0
1687600102149	Marionette	INFO	Listening on port 53983
console.error: "Warning: unrecognized command line flag -width\n"
console.error: "Warning: unrecognized command line flag -height\n"
WebDriver BiDi listening on ws://127.0.0.1:53975
Read port: 53983
1687600102390	RemoteAgent	WARN	TLS certificate errors will be ignored for this session
[GFX1-]: RenderCompositorSWGL failed mapping default framebuffer, no dt
console.error: ({})
DevTools listening on ws://127.0.0.1:53975/devtools/browser/9efcec74-e83a-4e57-b5b5-5f6642e6321d
console.warn: LoginRecipes: "Falling back to a synchronous message for: https://www.cbsl.lk."
JavaScript error: https://www.cbsl.lk/eResearch/Modules/RD/SearchPages/SelectItems.aspx?R=PpCQM4/F5E4=, line 683: TypeError: parent.document.getElementById(...) is null
console.warn: LoginRecipes: "Falling back to a synchronous message for: https://www.cbsl.lk."
JavaScript error: https://www.cbsl.lk/eResearch/Modules/RD/SearchPages/Search_Result.aspx?R=PpCQM4/F5E4=, line 579: TypeError: $(...).ratemate is not a function
JavaScript error: https://www.cbsl.lk/eResearch/ScriptResource.axd?d=gEkmzXYB_EljSEEgKzx_1vMFw8LeAQQCDjbRAz8ci9wMCjrAxqZT4209DLvFXNu9kHJdZM7nnRPz6ca2X86YwVtTEntBB357Tp2byHRZ89V2wSGCV8XNTTdH8UfgeKUa_RotMCcXJFls3aU7FnryeA2&t=ffffffffafdfa956:4863, line 22: Sys.ArgumentNullException: Sys.ArgumentNullException: Value cannot be null.
Parameter name: elements
1687600131055	Marionette	INFO	Stopped listening on port 53983
Dynamically enable window occlusion 1
1687600135207	geckodriver	INFO	Listening on 127.0.0.1:54052
