* Sun Jun 25 01:44:31 UTC 2023 pipeline (cron)
* Sun Jun 25 02:35:53 UTC 2023 build-summary (cron)
* Sun Jun 25 02:39:40 UTC 2023 build-summary (manual)
* Sun Jun 25 03:19:12 UTC 2023 build-summary (cron)
* Sun Jun 25 03:40:22 UTC 2023 build-summary (cron)
* Sun Jun 25 04:03:59 UTC 2023 build-summary (cron)
* Sun Jun 25 04:04:55 UTC 2023 pipeline (cron)
* Sun Jun 25 04:19:51 UTC 2023 pipeline (cron)
* Sun Jun 25 05:46:35 UTC 2023 build-summary (manual)
* Sun Jun 25 06:04:15 UTC 2023 build-summary (cron)
* Sun Jun 25 06:23:05 UTC 2023 pipeline (cron)
* Sun Jun 25 06:36:52 UTC 2023 build-summary (cron)
* Sun Jun 25 07:03:41 UTC 2023 build-summary (cron)
* Sun Jun 25 07:33:06 UTC 2023 build-summary (cron)
* Sun Jun 25 07:49:08 UTC 2023 pipeline (cron)
* Sun Jun 25 08:04:12 UTC 2023 build-summary (cron)
* Sun Jun 25 08:34:20 UTC 2023 build-summary (cron)
* Sun Jun 25 09:03:51 UTC 2023 build-summary (cron)
* Sun Jun 25 09:33:16 UTC 2023 build-summary (cron)
* Sun Jun 25 09:46:32 UTC 2023 pipeline (cron)
* Sun Jun 25 10:04:04 UTC 2023 build-summary (cron)
* Sun Jun 25 10:34:53 UTC 2023 build-summary (cron)
* Sun Jun 25 10:41:56 UTC 2023 pipeline (cron)
* Sun Jun 25 11:03:29 UTC 2023 build-summary (cron)
* Sun Jun 25 11:33:14 UTC 2023 build-summary (cron)
* Sun Jun 25 11:41:19 UTC 2023 pipeline (cron)
* Sun Jun 25 12:04:45 UTC 2023 build-summary (cron)
* Sun Jun 25 12:11:14 UTC 2023 pipeline (cron)
* Sun Jun 25 12:43:04 UTC 2023 build-summary (cron)
* Sun Jun 25 12:50:19 UTC 2023 pipeline (cron)
* Sun Jun 25 13:07:49 UTC 2023 build-summary (cron)
* Sun Jun 25 13:13:47 UTC 2023 pipeline (cron)
* Sun Jun 25 13:33:46 UTC 2023 build-summary (cron)
* Sun Jun 25 14:03:56 UTC 2023 build-summary (cron)
* Sun Jun 25 14:09:00 UTC 2023 pipeline (cron)
* Sun Jun 25 14:33:34 UTC 2023 build-summary (cron)
* Sun Jun 25 14:39:15 UTC 2023 pipeline (cron)
* Sun Jun 25 15:03:35 UTC 2023 build-summary (cron)
* Sun Jun 25 15:33:28 UTC 2023 build-summary (cron)
* Sun Jun 25 15:39:39 UTC 2023 pipeline (cron)
* Sun Jun 25 16:03:45 UTC 2023 build-summary (cron)
* Sun Jun 25 16:10:10 UTC 2023 pipeline (cron)
* Sun Jun 25 16:45:32 UTC 2023 pipeline (cron)
* Sun Jun 25 17:12:29 UTC 2023 pipeline (cron)
* Sun Jun 25 18:11:00 UTC 2023 pipeline (cron)
* Sun Jun 25 18:41:23 UTC 2023 pipeline (cron)
* Sun Jun 25 19:10:03 UTC 2023 pipeline (cron)
* Sun Jun 25 20:10:00 UTC 2023 pipeline (cron)
* Sun Jun 25 20:39:15 UTC 2023 pipeline (cron)
* Sun Jun 25 21:10:20 UTC 2023 pipeline (cron)
* Sun Jun 25 21:41:11 UTC 2023 pipeline (cron)
* Sun Jun 25 22:10:23 UTC 2023 pipeline (cron)
* Sun Jun 25 22:41:16 UTC 2023 pipeline (cron)
* Sun Jun 25 23:38:53 UTC 2023 pipeline (cron)
* Mon Jun 26 00:13:00 UTC 2023 pipeline (cron)
* Mon Jun 26 00:55:59 UTC 2023 pipeline (cron)
* Mon Jun 26 01:38:35 UTC 2023 pipeline (cron)
* Mon Jun 26 02:22:22 UTC 2023 build-summary (manual)
* Mon Jun 26 02:23:13 UTC 2023 pipeline (cron)
* Mon Jun 26 02:32:50 UTC 2023 build-summary (cron)
* Mon Jun 26 03:17:32 UTC 2023 build-summary (cron)
* Mon Jun 26 03:25:58 UTC 2023 pipeline (cron)
* Mon Jun 26 03:38:37 UTC 2023 build-summary (cron)
* Mon Jun 26 03:48:06 UTC 2023 pipeline (cron)
* Mon Jun 26 04:04:11 UTC 2023 build-summary (cron)
* Mon Jun 26 04:36:19 UTC 2023 build-summary (cron)
* Mon Jun 26 04:47:37 UTC 2023 pipeline (cron)
* Mon Jun 26 05:03:54 UTC 2023 build-summary (cron)
* Mon Jun 26 05:34:19 UTC 2023 build-summary (cron)
* Mon Jun 26 06:04:44 UTC 2023 build-summary (cron)
* Mon Jun 26 06:37:17 UTC 2023 build-summary (cron)
* Mon Jun 26 06:48:38 UTC 2023 pipeline (cron)
* Mon Jun 26 07:04:18 UTC 2023 build-summary (cron)
* Mon Jun 26 07:15:18 UTC 2023 pipeline (cron)
* Mon Jun 26 07:33:12 UTC 2023 build-summary (cron)
* Mon Jun 26 08:04:33 UTC 2023 build-summary (cron)
* Mon Jun 26 08:10:37 UTC 2023 pipeline (cron)
* Mon Jun 26 08:38:05 UTC 2023 build-summary (cron)
* Mon Jun 26 09:03:54 UTC 2023 build-summary (cron)
* Mon Jun 26 09:17:53 UTC 2023 pipeline (cron)
* Mon Jun 26 09:33:29 UTC 2023 build-summary (cron)
* Mon Jun 26 10:03:53 UTC 2023 build-summary (cron)
* Mon Jun 26 10:11:24 UTC 2023 pipeline (cron)
* Mon Jun 26 10:36:15 UTC 2023 build-summary (cron)
* Mon Jun 26 10:43:12 UTC 2023 pipeline (cron)
* Mon Jun 26 11:04:07 UTC 2023 build-summary (cron)
* Mon Jun 26 11:13:24 UTC 2023 pipeline (cron)
* Mon Jun 26 11:33:11 UTC 2023 build-summary (cron)
* Mon Jun 26 11:39:24 UTC 2023 pipeline (cron)
* Mon Jun 26 12:05:02 UTC 2023 build-summary (cron)
* Mon Jun 26 12:10:12 UTC 2023 pipeline (cron)
* Mon Jun 26 12:43:51 UTC 2023 build-summary (cron)
* Mon Jun 26 12:51:36 UTC 2023 pipeline (cron)
* Mon Jun 26 13:08:40 UTC 2023 build-summary (cron)
* Mon Jun 26 13:35:45 UTC 2023 build-summary (cron)
* Mon Jun 26 13:43:00 UTC 2023 pipeline (cron)
* Mon Jun 26 14:03:49 UTC 2023 build-summary (cron)
* Mon Jun 26 14:34:43 UTC 2023 build-summary (cron)
* Mon Jun 26 15:04:04 UTC 2023 build-summary (cron)
* Mon Jun 26 15:11:13 UTC 2023 pipeline (cron)
* Mon Jun 26 15:33:15 UTC 2023 build-summary (cron)
* Mon Jun 26 15:40:38 UTC 2023 pipeline (cron)
* Mon Jun 26 16:04:10 UTC 2023 build-summary (cron)
* Mon Jun 26 16:10:41 UTC 2023 pipeline (cron)
* Mon Jun 26 16:37:46 UTC 2023 build-summary (cron)
* Mon Jun 26 16:45:53 UTC 2023 pipeline (cron)
* Mon Jun 26 17:03:53 UTC 2023 build-summary (cron)
* Mon Jun 26 17:33:20 UTC 2023 build-summary (cron)
* Mon Jun 26 17:41:26 UTC 2023 pipeline (cron)
* Mon Jun 26 18:03:56 UTC 2023 build-summary (cron)
* Mon Jun 26 18:35:28 UTC 2023 build-summary (cron)
* Mon Jun 26 18:50:17 UTC 2023 pipeline (cron)
* Mon Jun 26 19:03:38 UTC 2023 build-summary (cron)
* Mon Jun 26 19:33:27 UTC 2023 build-summary (cron)
* Mon Jun 26 19:40:15 UTC 2023 pipeline (cron)
* Mon Jun 26 20:03:56 UTC 2023 build-summary (cron)
* Mon Jun 26 20:10:45 UTC 2023 pipeline (cron)
* Mon Jun 26 20:33:39 UTC 2023 build-summary (cron)
* Mon Jun 26 21:03:59 UTC 2023 build-summary (cron)
* Mon Jun 26 21:33:15 UTC 2023 build-summary (cron)
* Mon Jun 26 22:03:47 UTC 2023 build-summary (cron)
* Mon Jun 26 22:34:03 UTC 2023 build-summary (cron)
* Mon Jun 26 23:03:55 UTC 2023 build-summary (cron)
* Mon Jun 26 23:32:57 UTC 2023 build-summary (cron)
* Tue Jun 27 00:14:02 UTC 2023 build-summary (cron)
* Tue Jun 27 00:49:24 UTC 2023 build-summary (cron)
* Tue Jun 27 01:04:26 UTC 2023 pipeline (cron)
* Tue Jun 27 01:32:51 UTC 2023 build-summary (cron)
* Tue Jun 27 02:20:26 UTC 2023 pipeline (cron)
* Tue Jun 27 02:32:09 UTC 2023 build-summary (cron)
* Tue Jun 27 03:02:11 UTC 2023 pipeline (cron)
* Tue Jun 27 03:15:06 UTC 2023 build-summary (cron)
* Tue Jun 27 03:22:10 UTC 2023 pipeline (cron)
* Tue Jun 27 03:37:42 UTC 2023 build-summary (cron)
* Tue Jun 27 04:04:13 UTC 2023 build-summary (cron)
* Tue Jun 27 04:09:46 UTC 2023 pipeline (cron)
* Tue Jun 27 04:35:12 UTC 2023 build-summary (cron)
* Tue Jun 27 04:41:47 UTC 2023 pipeline (cron)
* Tue Jun 27 05:03:45 UTC 2023 build-summary (cron)
* Tue Jun 27 05:09:47 UTC 2023 pipeline (cron)
* Tue Jun 27 05:33:39 UTC 2023 build-summary (cron)
* Tue Jun 27 05:40:20 UTC 2023 pipeline (cron)
* Tue Jun 27 06:04:29 UTC 2023 build-summary (cron)
* Tue Jun 27 06:11:18 UTC 2023 pipeline (cron)
* Tue Jun 27 06:35:58 UTC 2023 build-summary (cron)
* Tue Jun 27 06:43:46 UTC 2023 pipeline (cron)
* Tue Jun 27 07:03:43 UTC 2023 build-summary (cron)
* Tue Jun 27 07:10:16 UTC 2023 pipeline (cron)
* Tue Jun 27 07:33:08 UTC 2023 build-summary (cron)
* Tue Jun 27 07:40:34 UTC 2023 pipeline (cron)
* Tue Jun 27 08:04:43 UTC 2023 build-summary (cron)
* Tue Jun 27 08:10:56 UTC 2023 pipeline (cron)
* Tue Jun 27 08:35:21 UTC 2023 build-summary (cron)
* Tue Jun 27 08:42:27 UTC 2023 pipeline (cron)
* Tue Jun 27 09:04:16 UTC 2023 build-summary (cron)
* Tue Jun 27 09:10:21 UTC 2023 pipeline (cron)
* Tue Jun 27 09:33:14 UTC 2023 build-summary (cron)
* Tue Jun 27 09:38:49 UTC 2023 pipeline (cron)
* Tue Jun 27 10:04:10 UTC 2023 build-summary (cron)
* Tue Jun 27 10:09:32 UTC 2023 pipeline (cron)
* Tue Jun 27 10:35:49 UTC 2023 build-summary (cron)
* Tue Jun 27 11:03:58 UTC 2023 build-summary (cron)
* Tue Jun 27 11:33:30 UTC 2023 build-summary (cron)
* Tue Jun 27 11:38:33 UTC 2023 pipeline (cron)
* Tue Jun 27 12:05:18 UTC 2023 build-summary (cron)
* Tue Jun 27 12:10:35 UTC 2023 pipeline (cron)
* Tue Jun 27 12:44:22 UTC 2023 build-summary (cron)
* Tue Jun 27 12:51:56 UTC 2023 pipeline (cron)
* Tue Jun 27 13:08:32 UTC 2023 build-summary (cron)
* Tue Jun 27 13:15:00 UTC 2023 pipeline (cron)
* Tue Jun 27 13:35:23 UTC 2023 build-summary (cron)
* Tue Jun 27 13:41:57 UTC 2023 pipeline (cron)
* Tue Jun 27 14:04:01 UTC 2023 build-summary (cron)
* Tue Jun 27 14:12:35 UTC 2023 pipeline (cron)
* Tue Jun 27 14:33:55 UTC 2023 build-summary (cron)
* Tue Jun 27 14:40:47 UTC 2023 pipeline (cron)
* Tue Jun 27 15:03:55 UTC 2023 build-summary (cron)
* Tue Jun 27 15:08:58 UTC 2023 pipeline (cron)
* Tue Jun 27 15:33:32 UTC 2023 build-summary (cron)
* Tue Jun 27 15:40:26 UTC 2023 pipeline (cron)
* Tue Jun 27 16:04:12 UTC 2023 build-summary (cron)
* Tue Jun 27 16:11:45 UTC 2023 pipeline (cron)
* Tue Jun 27 16:37:38 UTC 2023 build-summary (cron)
* Tue Jun 27 16:44:20 UTC 2023 pipeline (cron)
* Tue Jun 27 17:04:02 UTC 2023 build-summary (cron)
* Tue Jun 27 17:11:09 UTC 2023 pipeline (cron)
* Tue Jun 27 17:33:28 UTC 2023 build-summary (cron)
* Tue Jun 27 17:41:11 UTC 2023 pipeline (cron)
* Tue Jun 27 18:04:03 UTC 2023 build-summary (cron)
* Tue Jun 27 18:10:09 UTC 2023 pipeline (cron)
* Tue Jun 27 18:35:14 UTC 2023 build-summary (cron)
* Tue Jun 27 18:40:50 UTC 2023 pipeline (cron)
* Tue Jun 27 19:03:44 UTC 2023 build-summary (cron)
* Tue Jun 27 19:11:08 UTC 2023 pipeline (cron)
* Tue Jun 27 19:33:17 UTC 2023 build-summary (cron)
* Tue Jun 27 19:40:25 UTC 2023 pipeline (cron)
* Tue Jun 27 20:04:08 UTC 2023 build-summary (cron)
* Tue Jun 27 20:12:30 UTC 2023 pipeline (cron)
* Tue Jun 27 20:33:12 UTC 2023 build-summary (cron)
* Tue Jun 27 20:40:17 UTC 2023 pipeline (cron)
* Tue Jun 27 21:03:45 UTC 2023 build-summary (cron)
* Tue Jun 27 21:11:05 UTC 2023 pipeline (cron)
* Tue Jun 27 21:32:59 UTC 2023 build-summary (cron)
* Tue Jun 27 21:39:15 UTC 2023 pipeline (cron)
* Tue Jun 27 22:03:47 UTC 2023 build-summary (cron)
* Tue Jun 27 22:12:21 UTC 2023 pipeline (cron)
* Tue Jun 27 22:33:50 UTC 2023 build-summary (cron)
* Tue Jun 27 22:40:04 UTC 2023 pipeline (cron)
* Tue Jun 27 23:03:51 UTC 2023 build-summary (cron)
* Tue Jun 27 23:10:39 UTC 2023 pipeline (cron)
* Tue Jun 27 23:33:24 UTC 2023 build-summary (cron)
* Tue Jun 27 23:41:09 UTC 2023 pipeline (cron)
* Wed Jun 28 00:13:11 UTC 2023 pipeline (cron)
* Wed Jun 28 00:14:13 UTC 2023 build-summary (cron)
* Wed Jun 28 00:48:41 UTC 2023 build-summary (cron)
* Wed Jun 28 00:55:33 UTC 2023 pipeline (cron)
* Wed Jun 28 01:33:26 UTC 2023 build-summary (cron)
* Wed Jun 28 01:37:56 UTC 2023 pipeline (cron)
* Wed Jun 28 02:20:20 UTC 2023 pipeline (cron)
* Wed Jun 28 02:31:29 UTC 2023 build-summary (cron)
* Wed Jun 28 03:01:20 UTC 2023 pipeline (cron)
* Wed Jun 28 03:13:34 UTC 2023 build-summary (cron)
* Wed Jun 28 03:19:21 UTC 2023 pipeline (cron)
* Wed Jun 28 03:37:36 UTC 2023 build-summary (cron)
* Wed Jun 28 04:04:00 UTC 2023 build-summary (cron)
* Wed Jun 28 04:11:05 UTC 2023 pipeline (cron)
* Wed Jun 28 04:35:25 UTC 2023 build-summary (cron)
* Wed Jun 28 04:42:24 UTC 2023 pipeline (cron)
* Wed Jun 28 05:04:02 UTC 2023 build-summary (cron)
* Wed Jun 28 05:11:11 UTC 2023 pipeline (cron)
* Wed Jun 28 05:33:49 UTC 2023 build-summary (cron)
* Wed Jun 28 05:42:09 UTC 2023 pipeline (cron)
* Wed Jun 28 06:04:27 UTC 2023 build-summary (cron)
* Wed Jun 28 06:10:01 UTC 2023 pipeline (cron)
* Wed Jun 28 06:36:15 UTC 2023 build-summary (cron)
* Wed Jun 28 07:03:54 UTC 2023 build-summary (cron)
* Wed Jun 28 07:33:31 UTC 2023 build-summary (cron)
* Wed Jun 28 07:41:45 UTC 2023 pipeline (cron)
* Wed Jun 28 08:04:59 UTC 2023 build-summary (cron)
* Wed Jun 28 08:11:28 UTC 2023 pipeline (cron)
* Wed Jun 28 08:35:46 UTC 2023 build-summary (cron)
* Wed Jun 28 09:03:58 UTC 2023 build-summary (cron)
* Wed Jun 28 09:33:09 UTC 2023 build-summary (cron)
* Wed Jun 28 09:45:09 UTC 2023 pipeline (cron)
* Wed Jun 28 10:04:19 UTC 2023 build-summary (cron)
* Wed Jun 28 10:35:21 UTC 2023 build-summary (cron)
* Wed Jun 28 10:43:19 UTC 2023 pipeline (cron)
* Wed Jun 28 11:03:55 UTC 2023 build-summary (cron)
* Wed Jun 28 11:33:10 UTC 2023 build-summary (cron)
* Wed Jun 28 11:40:36 UTC 2023 pipeline (cron)
* Wed Jun 28 12:05:04 UTC 2023 build-summary (cron)
* Wed Jun 28 12:44:59 UTC 2023 build-summary (cron)
* Wed Jun 28 12:54:19 UTC 2023 pipeline (cron)
* Wed Jun 28 13:09:03 UTC 2023 build-summary (cron)
* Wed Jun 28 13:17:30 UTC 2023 pipeline (cron)
* Wed Jun 28 13:36:04 UTC 2023 build-summary (cron)
* Wed Jun 28 13:45:22 UTC 2023 pipeline (cron)
* Wed Jun 28 14:03:39 UTC 2023 build-summary (cron)
* Wed Jun 28 14:28:18 UTC 2023 build-summary (manual)
* Wed Jun 28 14:33:27 UTC 2023 build-summary (cron)
* Wed Jun 28 14:46:08 UTC 2023 pipeline (manual)
* Wed Jun 28 15:16:28 UTC 2023 pipeline (manual)
* Wed Jun 28 15:17:13 UTC 2023 pipeline (manual)
* Wed Jun 28 15:21:54 UTC 2023 build-summary (manual)
* Wed Jun 28 15:23:49 UTC 2023 build-summary (cron)
* Wed Jun 28 15:28:55 UTC 2023 pipeline (cron)
* Wed Jun 28 15:33:22 UTC 2023 build-summary (cron)
* Wed Jun 28 15:39:36 UTC 2023 pipeline (cron)
* Wed Jun 28 15:48:14 UTC 2023 build-summary (cron)
* Wed Jun 28 15:57:44 UTC 2023 pipeline (cron)
* Wed Jun 28 15:59:32 UTC 2023 build-summary (manual)
* Wed Jun 28 16:04:30 UTC 2023 build-summary (cron)
* Wed Jun 28 16:12:54 UTC 2023 pipeline (cron)
* Wed Jun 28 16:23:26 UTC 2023 build-summary (cron)
* Wed Jun 28 16:31:13 UTC 2023 pipeline (cron)
* Wed Jun 28 16:38:05 UTC 2023 build-summary (cron)
* Wed Jun 28 16:44:34 UTC 2023 pipeline (cron)
* Wed Jun 28 16:48:59 UTC 2023 build-summary (cron)
* Wed Jun 28 17:03:49 UTC 2023 build-summary (cron)
* Wed Jun 28 17:13:46 UTC 2023 pipeline (cron)
* Wed Jun 28 17:21:17 UTC 2023 build-summary (cron)
* Wed Jun 28 17:30:47 UTC 2023 pipeline (cron)
* Wed Jun 28 17:33:27 UTC 2023 build-summary (cron)
* Wed Jun 28 17:41:50 UTC 2023 pipeline (cron)
* Wed Jun 28 17:48:03 UTC 2023 build-summary (cron)
* Wed Jun 28 17:54:18 UTC 2023 pipeline (cron)
* Wed Jun 28 18:04:24 UTC 2023 build-summary (cron)
* Wed Jun 28 18:11:52 UTC 2023 pipeline (cron)
* Wed Jun 28 18:23:20 UTC 2023 build-summary (cron)
* Wed Jun 28 18:32:33 UTC 2023 pipeline (cron)
* Wed Jun 28 18:35:19 UTC 2023 build-summary (cron)
* Wed Jun 28 18:48:14 UTC 2023 build-summary (cron)
* Wed Jun 28 19:03:41 UTC 2023 build-summary (cron)
* Wed Jun 28 19:11:15 UTC 2023 pipeline (cron)
* Wed Jun 28 19:19:13 UTC 2023 build-summary (cron)
* Wed Jun 28 19:26:18 UTC 2023 pipeline (cron)
* Wed Jun 28 19:33:11 UTC 2023 build-summary (cron)
* Wed Jun 28 19:40:12 UTC 2023 pipeline (cron)
* Wed Jun 28 19:48:09 UTC 2023 build-summary (cron)
* Wed Jun 28 20:22:10 UTC 2023 build-summary (cron)
* Wed Jun 28 20:33:27 UTC 2023 build-summary (cron)
* Wed Jun 28 20:39:31 UTC 2023 pipeline (cron)
* Wed Jun 28 20:47:54 UTC 2023 build-summary (cron)
* Wed Jun 28 20:54:03 UTC 2023 pipeline (cron)
* Wed Jun 28 21:04:07 UTC 2023 build-summary (cron)
* Wed Jun 28 21:10:12 UTC 2023 pipeline (cron)
* Wed Jun 28 21:20:09 UTC 2023 build-summary (cron)
* Wed Jun 28 21:29:20 UTC 2023 pipeline (cron)
* Wed Jun 28 21:33:10 UTC 2023 build-summary (cron)
* Wed Jun 28 21:42:00 UTC 2023 pipeline (cron)
* Wed Jun 28 21:48:08 UTC 2023 build-summary (cron)
* Wed Jun 28 21:56:55 UTC 2023 pipeline (cron)
* Wed Jun 28 22:03:51 UTC 2023 build-summary (cron)
* Wed Jun 28 22:11:03 UTC 2023 pipeline (cron)
* Wed Jun 28 22:21:53 UTC 2023 build-summary (cron)
* Wed Jun 28 22:30:03 UTC 2023 pipeline (cron)
* Wed Jun 28 22:33:49 UTC 2023 build-summary (cron)
* Wed Jun 28 22:41:16 UTC 2023 pipeline (cron)
* Wed Jun 28 22:48:11 UTC 2023 build-summary (cron)
* Wed Jun 28 23:03:52 UTC 2023 build-summary (cron)
* Wed Jun 28 23:22:02 UTC 2023 build-summary (cron)
* Wed Jun 28 23:28:59 UTC 2023 pipeline (cron)
* Wed Jun 28 23:33:20 UTC 2023 build-summary (cron)
* Wed Jun 28 23:39:30 UTC 2023 pipeline (cron)
* Wed Jun 28 23:47:58 UTC 2023 build-summary (cron)
* Wed Jun 28 23:57:35 UTC 2023 pipeline (cron)
* Thu Jun 29 00:14:58 UTC 2023 build-summary (cron)
* Thu Jun 29 00:33:13 UTC 2023 build-summary (cron)
* Thu Jun 29 00:41:00 UTC 2023 pipeline (cron)
* Thu Jun 29 01:09:51 UTC 2023 build-summary (cron)
* Thu Jun 29 01:52:46 UTC 2023 build-summary (cron)
* Thu Jun 29 02:10:46 UTC 2023 pipeline (manual)
* Thu Jun 29 02:30:25 UTC 2023 build-summary (cron)
* Thu Jun 29 02:36:19 UTC 2023 pipeline (cron)
* Thu Jun 29 02:53:25 UTC 2023 build-summary (cron)
* Thu Jun 29 03:10:50 UTC 2023 build-summary (cron)
* Thu Jun 29 03:23:56 UTC 2023 build-summary (cron)
* Thu Jun 29 03:26:30 UTC 2023 pipeline (manual)
* Thu Jun 29 03:27:25 UTC 2023 pipeline (manual)
* Thu Jun 29 03:30:44 UTC 2023 pipeline (cron)
* Thu Jun 29 03:36:11 UTC 2023 build-summary (cron)
* Thu Jun 29 03:48:03 UTC 2023 build-summary (cron)
* Thu Jun 29 03:55:14 UTC 2023 pipeline (cron)
* Thu Jun 29 04:04:12 UTC 2023 build-summary (cron)
* Thu Jun 29 04:10:09 UTC 2023 pipeline (cron)
* Thu Jun 29 04:19:31 UTC 2023 build other world_bank (manual)
* Thu Jun 29 04:22:59 UTC 2023 build-summary (cron)
* Thu Jun 29 04:25:08 UTC 2023 build other world_bank (manual)
* Thu Jun 29 04:35:43 UTC 2023 build-summary (cron)
* Thu Jun 29 04:42:04 UTC 2023 pipeline (cron)
* Thu Jun 29 04:47:57 UTC 2023 build-summary (cron)
* Thu Jun 29 05:04:01 UTC 2023 build-summary (cron)
* Thu Jun 29 05:12:38 UTC 2023 pipeline (cron)
* Thu Jun 29 05:22:02 UTC 2023 build-summary (cron)
* Thu Jun 29 05:30:31 UTC 2023 pipeline (cron)
* Thu Jun 29 05:33:56 UTC 2023 build-summary (cron)
* Thu Jun 29 05:41:49 UTC 2023 pipeline (cron)
* Thu Jun 29 05:48:03 UTC 2023 build-summary (cron)
* Thu Jun 29 05:55:13 UTC 2023 pipeline (cron)
* Thu Jun 29 06:05:03 UTC 2023 build-summary (cron)
* Thu Jun 29 06:10:48 UTC 2023 pipeline (cron)
* Thu Jun 29 06:23:42 UTC 2023 build-summary (cron)
* Thu Jun 29 06:30:23 UTC 2023 pipeline (cron)
* Thu Jun 29 06:36:09 UTC 2023 build-summary (cron)
* Thu Jun 29 06:48:07 UTC 2023 build-summary (cron)
* Thu Jun 29 06:55:05 UTC 2023 pipeline (cron)
* Thu Jun 29 07:04:05 UTC 2023 build-summary (cron)
* Thu Jun 29 07:12:44 UTC 2023 pipeline (cron)
* Thu Jun 29 07:21:11 UTC 2023 build-summary (cron)
* Thu Jun 29 07:27:38 UTC 2023 pipeline (cron)
* Thu Jun 29 07:33:22 UTC 2023 build-summary (cron)
* Thu Jun 29 07:48:01 UTC 2023 build-summary (cron)
* Thu Jun 29 08:04:36 UTC 2023 build-summary (cron)
* Thu Jun 29 08:12:44 UTC 2023 pipeline (cron)
* Thu Jun 29 08:23:34 UTC 2023 build-summary (cron)
* Thu Jun 29 08:32:58 UTC 2023 pipeline (cron)
* Thu Jun 29 08:35:37 UTC 2023 build-summary (cron)
* Thu Jun 29 08:44:06 UTC 2023 pipeline (cron)
* Thu Jun 29 08:48:21 UTC 2023 build-summary (cron)
* Thu Jun 29 08:54:14 UTC 2023 pipeline (cron)
* Thu Jun 29 09:03:59 UTC 2023 build-summary (cron)
* Thu Jun 29 09:12:58 UTC 2023 pipeline (cron)
* Thu Jun 29 09:21:37 UTC 2023 build-summary (cron)
* Thu Jun 29 09:29:08 UTC 2023 pipeline (cron)
* Thu Jun 29 09:33:35 UTC 2023 build-summary (cron)
* Thu Jun 29 09:39:51 UTC 2023 pipeline (cron)
* Thu Jun 29 09:48:06 UTC 2023 build-summary (cron)
* Thu Jun 29 09:54:48 UTC 2023 pipeline (cron)
* Thu Jun 29 10:04:18 UTC 2023 build-summary (cron)
* Thu Jun 29 10:22:43 UTC 2023 build-summary (cron)
* Thu Jun 29 10:29:32 UTC 2023 pipeline (cron)
* Thu Jun 29 10:35:33 UTC 2023 build-summary (cron)
* Thu Jun 29 10:48:00 UTC 2023 build-summary (cron)
* Thu Jun 29 10:54:38 UTC 2023 pipeline (cron)
* Thu Jun 29 11:03:41 UTC 2023 build-summary (cron)
* Thu Jun 29 11:19:30 UTC 2023 build-summary (cron)
* Thu Jun 29 11:32:34 UTC 2023 pipeline (cron)
* Thu Jun 29 11:33:08 UTC 2023 build-summary (cron)
* Thu Jun 29 11:41:07 UTC 2023 pipeline (cron)
* Thu Jun 29 11:47:57 UTC 2023 build-summary (cron)
* Thu Jun 29 11:57:01 UTC 2023 pipeline (cron)
* Thu Jun 29 12:04:58 UTC 2023 build-summary (cron)
* Thu Jun 29 12:14:10 UTC 2023 pipeline (cron)
* Thu Jun 29 12:25:05 UTC 2023 build-summary (cron)
* Thu Jun 29 12:43:39 UTC 2023 build-summary (cron)
* Thu Jun 29 12:51:53 UTC 2023 pipeline (cron)
* Thu Jun 29 12:58:06 UTC 2023 build-summary (cron)
* Thu Jun 29 13:05:37 UTC 2023 pipeline (cron)
* Thu Jun 29 13:10:48 UTC 2023 build-summary (cron)
* Thu Jun 29 13:17:38 UTC 2023 pipeline (cron)
* Thu Jun 29 13:24:15 UTC 2023 build-summary (cron)
* Thu Jun 29 13:31:20 UTC 2023 pipeline (cron)
* Thu Jun 29 13:36:30 UTC 2023 build-summary (cron)
* Thu Jun 29 13:43:14 UTC 2023 pipeline (cron)
* Thu Jun 29 13:48:27 UTC 2023 build-summary (cron)
* Thu Jun 29 14:03:44 UTC 2023 build-summary (cron)
* Thu Jun 29 14:10:19 UTC 2023 pipeline (cron)
* Thu Jun 29 14:21:25 UTC 2023 build-summary (cron)
* Thu Jun 29 14:30:45 UTC 2023 pipeline (cron)
* Thu Jun 29 14:33:12 UTC 2023 build-summary (cron)
* Thu Jun 29 14:40:28 UTC 2023 pipeline (cron)
* Thu Jun 29 14:48:05 UTC 2023 build-summary (cron)
* Thu Jun 29 14:53:58 UTC 2023 pipeline (cron)
* Thu Jun 29 15:03:48 UTC 2023 build-summary (cron)
* Thu Jun 29 15:21:46 UTC 2023 build-summary (cron)
* Thu Jun 29 15:29:26 UTC 2023 pipeline (cron)
* Thu Jun 29 15:33:34 UTC 2023 build-summary (cron)
* Thu Jun 29 15:47:59 UTC 2023 build-summary (cron)
* Thu Jun 29 15:55:37 UTC 2023 pipeline (cron)
* Thu Jun 29 16:04:10 UTC 2023 build-summary (cron)
* Thu Jun 29 16:14:37 UTC 2023 pipeline (cron)
* Thu Jun 29 16:23:12 UTC 2023 build-summary (cron)
* Thu Jun 29 16:29:44 UTC 2023 pipeline (cron)
* Thu Jun 29 16:37:20 UTC 2023 build-summary (cron)
* Thu Jun 29 16:43:50 UTC 2023 pipeline (cron)
* Thu Jun 29 16:48:09 UTC 2023 build-summary (cron)
* Thu Jun 29 16:56:28 UTC 2023 pipeline (cron)
* Thu Jun 29 17:03:40 UTC 2023 build-summary (cron)
* Thu Jun 29 17:12:11 UTC 2023 pipeline (cron)
* Thu Jun 29 17:21:24 UTC 2023 build-summary (cron)
* Thu Jun 29 17:28:05 UTC 2023 pipeline (cron)
